2026-02-26 19:01:03,525 - INFO - 
2026-02-26 19:01:03,527 - INFO - ╔══════════════════════════════════════════════════════════════════════════════╗
2026-02-26 19:01:03,527 - INFO - ║                    🤖 AUTOMATED DAILY TRADING SYSTEM                         ║
2026-02-26 19:01:03,527 - INFO - ╚══════════════════════════════════════════════════════════════════════════════╝
2026-02-26 19:01:03,536 - INFO - 🕐 Start time: 2026-02-26 19:01:03
2026-02-26 19:01:03,536 - INFO - 
2026-02-26 19:01:03,537 - INFO - ================================================================================
2026-02-26 19:01:03,538 - INFO - 📥 STEP 1: Downloading Stock Data
2026-02-26 19:01:03,538 - INFO - ================================================================================
2026-02-26 19:01:03,538 - INFO - 📅 Target date: 20260226 (Thursday, 26 February 2026)
2026-02-26 19:01:03,538 - INFO - ✅ Data already exists: idx_stock_20260226.json
2026-02-26 19:01:03,538 - INFO - 
2026-02-26 19:01:03,538 - INFO - ================================================================================
2026-02-26 19:01:03,538 - INFO - 🔍 STEP 2: Running Day Trading Screening
2026-02-26 19:01:03,538 - INFO - ================================================================================
2026-02-26 19:01:04,987 - INFO - ======================================================================
2026-02-26 19:01:04,987 - WARNING - STDERR: Traceback (most recent call last):
2026-02-26 19:01:04,988 - WARNING - STDERR:   File "C:\BOTT RULL\alert_bandar\screen_daytrading.py", line 812, in <module>
2026-02-26 19:01:04,988 - WARNING - STDERR:     main()
2026-02-26 19:01:04,988 - WARNING - STDERR:   File "C:\BOTT RULL\alert_bandar\screen_daytrading.py", line 697, in main
2026-02-26 19:01:04,988 - WARNING - STDERR:     print("\U0001f680 DAY TRADING SCREENER - MULTI-DAY ANALYSIS")
2026-02-26 19:01:04,989 - WARNING - STDERR:   File "C:\Users\sahtu\AppData\Local\Programs\Python\Python311\Lib\encodings\cp1252.py", line 19, in encode
2026-02-26 19:01:04,989 - WARNING - STDERR:     return codecs.charmap_encode(input,self.errors,encoding_table)[0]
2026-02-26 19:01:04,989 - WARNING - STDERR:            ^^^^^^^^^^^^^^^^^^^^^^^^^^^^^^^^^^^^^^^^^^^^^^^^^^^^^^^
2026-02-26 19:01:04,989 - WARNING - STDERR: UnicodeEncodeError: 'charmap' codec can't encode character '\U0001f680' in position 0: character maps to <undefined>
2026-02-26 19:01:04,989 - ERROR - ❌ Screening failed with exit code: 1
2026-02-26 19:01:04,990 - INFO - 
2026-02-26 19:01:04,990 - INFO - ================================================================================
2026-02-26 19:01:04,990 - INFO - 📊 EXECUTION SUMMARY
2026-02-26 19:01:04,990 - INFO - ================================================================================
2026-02-26 19:01:04,990 - INFO - 🕐 Start: 19:01:03
2026-02-26 19:01:04,991 - INFO - 🕐 End: 19:01:04
2026-02-26 19:01:04,991 - INFO - ⏱️  Duration: 1.5 seconds
2026-02-26 19:01:04,991 - INFO - 📥 Download: ✅ SUCCESS
2026-02-26 19:01:04,991 - INFO - 🔍 Screening: ❌ FAILED
2026-02-26 19:01:04,991 - WARNING - ⚠️  Some tasks failed. Check logs for details.
2026-02-26 19:01:04,992 - INFO - ================================================================================
2026-02-26 19:01:30,221 - INFO - 
2026-02-26 19:01:30,221 - INFO - ╔══════════════════════════════════════════════════════════════════════════════╗
2026-02-26 19:01:30,222 - INFO - ║                    🤖 AUTOMATED DAILY TRADING SYSTEM                         ║
2026-02-26 19:01:30,222 - INFO - ╚══════════════════════════════════════════════════════════════════════════════╝
2026-02-26 19:01:30,222 - INFO - 🕐 Start time: 2026-02-26 19:01:30
2026-02-26 19:01:30,223 - INFO - 
2026-02-26 19:01:30,223 - INFO - ================================================================================
2026-02-26 19:01:30,223 - INFO - 📥 STEP 1: Downloading Stock Data
2026-02-26 19:01:30,223 - INFO - ================================================================================
2026-02-26 19:01:30,223 - INFO - 📅 Target date: 20260226 (Thursday, 26 February 2026)
2026-02-26 19:01:30,225 - INFO - ✅ Data already exists: idx_stock_20260226.json
2026-02-26 19:01:30,225 - INFO - 
2026-02-26 19:01:30,225 - INFO - ================================================================================
2026-02-26 19:01:30,225 - INFO - 🔍 STEP 2: Running Day Trading Screening
2026-02-26 19:01:30,225 - INFO - ================================================================================
2026-02-26 19:01:35,348 - INFO - ======================================================================
2026-02-26 19:01:35,349 - INFO - 🚀 DAY TRADING SCREENER - MULTI-DAY ANALYSIS
2026-02-26 19:01:35,349 - INFO - ======================================================================
2026-02-26 19:01:35,349 - INFO - 📁 Total 718 files ditemukan (data/ + backup/)
2026-02-26 19:01:35,349 - INFO - 📅 Data Hari Ini: idx_stock_20260225.json
2026-02-26 19:01:35,349 - INFO - 📊 Loading 7 hari historical data...
2026-02-26 19:01:35,350 - INFO - ✅ Loaded 7 days, 6706 records total
2026-02-26 19:01:35,350 - INFO - 🔄 Calculating multi-day metrics...
2026-02-26 19:01:35,350 - INFO - ✅ Multi-day analysis complete!
2026-02-26 19:01:35,350 - INFO - 🔍 FILTER DEBUG:
2026-02-26 19:01:35,350 - INFO -    Total stocks: 958
2026-02-26 19:01:35,350 - INFO -    Pass Value >= 3B: 285
2026-02-26 19:01:35,350 - INFO -    Pass Volume >= 1M: 543
2026-02-26 19:01:35,352 - INFO -    Pass Frequency >= 300: 497
2026-02-26 19:01:35,352 - INFO -    Pass Volatility 1.0-15.0%: 761
2026-02-26 19:01:35,352 - INFO -    Pass AvgTradeSize >= 3M: 265
2026-02-26 19:01:35,352 - INFO -    ✅ Pass base filters: 27
2026-02-26 19:01:35,352 - INFO -    Pass LiquidDays >= 4: 352
2026-02-26 19:01:35,353 - INFO -    Pass Consistency >= 40%: 382
2026-02-26 19:01:35,353 - INFO -    ✅ Pass all filters (with multi-day): 27
2026-02-26 19:01:35,353 - INFO - 🎯 Generating entry/exit signals...
2026-02-26 19:01:35,353 - INFO - ✅ Found 2 BUY signals!
2026-02-26 19:01:35,353 - INFO - [RESULT] 27 saham lolos screening day trading
2026-02-26 19:01:35,354 - INFO -   • Top Stock: BBRI (Score: 55.9)
2026-02-26 19:01:35,354 - INFO -   • Avg Score: 40.6
2026-02-26 19:01:35,354 - INFO -   • Avg Volatility: 4.13%
2026-02-26 19:01:35,354 - INFO -   • Avg Spread: 0.469%
2026-02-26 19:01:35,354 - INFO - [TOP 10 DAY TRADING STOCKS]
2026-02-26 19:01:35,354 - INFO -   🥇 BBRI: Rp 3,970 (+2.58%) | Vol 2.58% | Score 55.9
2026-02-26 19:01:35,354 - INFO -   🥈 BBCA: Rp 7,325 (+1.38%) | Vol 1.73% | Score 52.8
2026-02-26 19:01:35,355 - INFO -   🥉 AMMN: Rp 7,300 (-2.01%) | Vol 4.36% | Score 51.7
2026-02-26 19:01:35,355 - INFO -   4. MDKA: Rp 3,820 (+0.79%) | Vol 4.75% | Score 45.7
2026-02-26 19:01:35,355 - INFO -   5. MEDC: Rp 1,730 (+2.67%) | Vol 5.93% | Score 45.6
2026-02-26 19:01:35,355 - INFO -   6. SUPA: Rp 1,060 (+3.92%) | Vol 4.90% | Score 45.0
2026-02-26 19:01:35,356 - INFO -   7. ASII: Rp 6,650 (+1.53%) | Vol 1.53% | Score 43.9
2026-02-26 19:01:35,356 - INFO -   8. SCMA: Rp 284 (-2.74%) | Vol 5.48% | Score 43.7
2026-02-26 19:01:35,356 - INFO -   9. RISE: Rp 3,240 (+7.64%) | Vol 9.63% | Score 43.3
2026-02-26 19:01:35,356 - INFO -   10. BBNI: Rp 4,500 (+1.12%) | Vol 1.80% | Score 42.9
2026-02-26 19:01:35,356 - INFO - [VOLATILITY DISTRIBUTION]
2026-02-26 19:01:35,357 - INFO -   • High (≥5%): 7 saham - untuk aggressive trading
2026-02-26 19:01:35,357 - INFO -   • Medium (2-5%): 14 saham - balanced risk/reward
2026-02-26 19:01:35,357 - INFO -   • Low (<2%): 6 saham - conservative trading
2026-02-26 19:01:35,357 - INFO - [OK] Message 1/1 sent
2026-02-26 19:01:35,357 - INFO - [OK] Total 1 message(s) sent to Telegram
2026-02-26 19:01:35,359 - INFO - ✅ Screening completed successfully
2026-02-26 19:01:35,359 - INFO - 
2026-02-26 19:01:35,359 - INFO - ================================================================================
2026-02-26 19:01:35,359 - INFO - 📊 EXECUTION SUMMARY
2026-02-26 19:01:35,359 - INFO - ================================================================================
2026-02-26 19:01:35,360 - INFO - 🕐 Start: 19:01:30
2026-02-26 19:01:35,360 - INFO - 🕐 End: 19:01:35
2026-02-26 19:01:35,360 - INFO - ⏱️  Duration: 5.1 seconds
2026-02-26 19:01:35,360 - INFO - 📥 Download: ✅ SUCCESS
2026-02-26 19:01:35,360 - INFO - 🔍 Screening: ✅ SUCCESS
2026-02-26 19:01:35,360 - INFO - 🎉 All tasks completed successfully!
2026-02-26 19:01:35,361 - INFO - ================================================================================
