2026-02-27 02:48:26,938 - INFO - ================================================================================
2026-02-27 02:48:26,939 - INFO - 🚀 AUTO DAILY SIGNAL GENERATOR
2026-02-27 02:48:26,939 - INFO - ================================================================================
2026-02-27 02:48:26,940 - INFO - 
📥 STEP 1: DOWNLOAD DATA
2026-02-27 02:48:26,940 - INFO - ────────────────────────────────────────────────────────────────────────────────
2026-02-27 02:48:26,940 - INFO - 📥 Downloading data untuk 20260227...
2026-02-27 02:48:26,941 - INFO -    Using browser: chrome124
2026-02-27 02:48:27,254 - WARNING - 🚫 20260227 - Tidak ada data (hari libur/weekend)
2026-02-27 02:48:27,257 - INFO -    Trying yesterday: 20260226
2026-02-27 02:48:27,258 - INFO - ✅ Data 20260226 sudah ada, skip download
2026-02-27 02:48:27,258 - INFO - 
📂 STEP 2: LOAD DATA
2026-02-27 02:48:27,258 - INFO - ────────────────────────────────────────────────────────────────────────────────
2026-02-27 02:48:27,264 - INFO -    Found 718 files total
2026-02-27 02:48:27,264 - INFO -    Loading today: idx_stock_20260226.json
2026-02-27 02:48:27,345 - INFO -    ✅ Loaded 958 stocks
2026-02-27 02:48:27,345 - INFO - 
📊 Loading 7 days historical data...
2026-02-27 02:48:27,728 - INFO -    ✅ Loaded 7 days, 6706 records
2026-02-27 02:48:27,729 - INFO -    🔄 Calculating multi-day metrics...
2026-02-27 02:48:29,338 - INFO -    ✅ Multi-day analysis complete!
2026-02-27 02:48:29,338 - INFO - 
🔍 STEP 3: SCREENING
2026-02-27 02:48:29,338 - INFO - ────────────────────────────────────────────────────────────────────────────────
2026-02-27 02:48:29,355 - INFO -    ✅ 13 stocks passed screening
2026-02-27 02:48:29,355 - INFO - 
🎯 STEP 4: GENERATE SIGNALS
2026-02-27 02:48:29,355 - INFO - ────────────────────────────────────────────────────────────────────────────────
2026-02-27 02:48:29,359 - INFO -    ✅ Generated 0 BUY signals
2026-02-27 02:48:29,360 - INFO - 
💾 STEP 5: SAVE RESULTS
2026-02-27 02:48:29,360 - INFO - ────────────────────────────────────────────────────────────────────────────────
2026-02-27 02:48:29,367 - INFO -    ✅ Saved to: output\signals_20260226.csv
2026-02-27 02:48:29,367 - INFO - 
📱 STEP 6: SEND NOTIFICATION
2026-02-27 02:48:29,368 - INFO - ────────────────────────────────────────────────────────────────────────────────
2026-02-27 02:48:30,586 - INFO - ✅ Telegram notification sent
2026-02-27 02:48:30,588 - INFO - 
================================================================================
2026-02-27 02:48:30,588 - INFO - ✅ AUTO DAILY SIGNAL COMPLETED!
2026-02-27 02:48:30,588 - INFO - ================================================================================
2026-02-27 02:53:00,912 - INFO - ================================================================================
2026-02-27 02:53:00,913 - INFO - 🔄 STARTING AUTO DAILY SIGNAL SERVICE
2026-02-27 02:53:00,913 - INFO - ================================================================================
2026-02-27 02:53:00,913 - INFO - ⏰ Schedule: Setiap hari kerja (Senin-Jumat) jam 02:50
2026-02-27 02:53:00,913 - INFO - 📂 Working directory: C:\BOTT RULL\alert_bandar
2026-02-27 02:53:00,913 - INFO - 💾 Output: output/
2026-02-27 02:53:00,913 - INFO - 📱 Telegram: Enabled
2026-02-27 02:53:00,915 - INFO - ────────────────────────────────────────────────────────────────────────────────
2026-02-27 02:53:00,915 - INFO - Press Ctrl+C to stop
2026-02-27 02:53:00,915 - INFO - ================================================================================
2026-02-27 02:53:02,145 - INFO - ✅ Telegram notification sent
2026-02-27 02:53:29,582 - INFO - ================================================================================
2026-02-27 02:53:29,582 - INFO - 🔄 STARTING AUTO DAILY SIGNAL SERVICE
2026-02-27 02:53:29,582 - INFO - ================================================================================
2026-02-27 02:53:29,582 - INFO - ⏰ Schedule: Setiap hari kerja (Senin-Jumat) jam 02:50
2026-02-27 02:53:29,582 - INFO - 📂 Working directory: C:\BOTT RULL\alert_bandar
2026-02-27 02:53:29,582 - INFO - 💾 Output: output/
2026-02-27 02:53:29,582 - INFO - 📱 Telegram: Enabled
2026-02-27 02:53:29,583 - INFO - ────────────────────────────────────────────────────────────────────────────────
2026-02-27 02:53:29,583 - INFO - Press Ctrl+C to stop
2026-02-27 02:53:29,583 - INFO - ================================================================================
2026-02-27 02:53:30,804 - INFO - ✅ Telegram notification sent
2026-02-27 03:00:02,151 - INFO - ⏳ [03:00] Service running. Next execution in ~23h
2026-02-27 03:00:13,215 - INFO - 
⚠️  Shutdown signal received. Stopping service...
2026-02-27 03:00:15,413 - INFO - ================================================================================
2026-02-27 03:00:15,413 - INFO - 🚀 AUTO DAILY SIGNAL GENERATOR
2026-02-27 03:00:15,413 - INFO - ================================================================================
2026-02-27 03:00:15,413 - INFO - 
📥 STEP 1: DOWNLOAD DATA
2026-02-27 03:00:15,413 - INFO - ────────────────────────────────────────────────────────────────────────────────
2026-02-27 03:00:15,413 - INFO - 📥 Downloading data untuk 20260227...
2026-02-27 03:00:15,414 - INFO -    Using browser: chrome124
2026-02-27 03:00:15,644 - WARNING - 🚫 20260227 - Tidak ada data (hari libur/weekend)
2026-02-27 03:00:15,647 - INFO -    Trying yesterday: 20260226
2026-02-27 03:00:15,647 - INFO - ✅ Data 20260226 sudah ada, skip download
2026-02-27 03:00:15,648 - INFO - 
📂 STEP 2: LOAD DATA
2026-02-27 03:00:15,648 - INFO - ────────────────────────────────────────────────────────────────────────────────
2026-02-27 03:00:15,653 - INFO -    Found 718 files total
2026-02-27 03:00:15,653 - INFO -    Loading today: idx_stock_20260226.json
2026-02-27 03:00:15,712 - INFO -    ✅ Loaded 958 stocks
2026-02-27 03:00:15,712 - INFO - 
📊 Loading 7 days historical data...
2026-02-27 03:00:16,089 - INFO -    ✅ Loaded 7 days, 6706 records
2026-02-27 03:00:16,089 - INFO -    🔄 Calculating multi-day metrics...
2026-02-27 03:00:17,707 - INFO -    ✅ Multi-day analysis complete!
2026-02-27 03:00:17,707 - INFO - 
🔍 STEP 3: SCREENING
2026-02-27 03:00:17,707 - INFO - ────────────────────────────────────────────────────────────────────────────────
2026-02-27 03:00:17,721 - INFO -    ✅ 10 stocks passed screening
2026-02-27 03:00:17,722 - INFO - 
🎯 STEP 4: GENERATE SIGNALS
2026-02-27 03:00:17,722 - INFO - ────────────────────────────────────────────────────────────────────────────────
2026-02-27 03:00:17,732 - INFO -    ✅ Generated 1 BUY signals
2026-02-27 03:00:17,734 - INFO -       • Momentum: 0
2026-02-27 03:00:17,734 - INFO -       • Reversal: 0
2026-02-27 03:00:17,734 - INFO - 
   🏆 TOP 5 SIGNALS:
2026-02-27 03:00:17,741 - INFO -       🥇 MTEL: Rp 535 | Score 37.7 | BUY - BOUNCE
2026-02-27 03:00:17,741 - INFO - 
💾 STEP 5: SAVE RESULTS
2026-02-27 03:00:17,741 - INFO - ────────────────────────────────────────────────────────────────────────────────
2026-02-27 03:00:17,747 - INFO -    ✅ Saved to: output\signals_20260226.csv
2026-02-27 03:00:17,747 - INFO - 
📱 STEP 6: SEND NOTIFICATION
2026-02-27 03:00:17,747 - INFO - ────────────────────────────────────────────────────────────────────────────────
2026-02-27 03:00:18,982 - INFO - ✅ Telegram notification sent
2026-02-27 03:00:18,983 - INFO - 
================================================================================
2026-02-27 03:00:18,984 - INFO - ✅ AUTO DAILY SIGNAL COMPLETED!
2026-02-27 03:00:18,984 - INFO - ================================================================================
2026-02-27 03:01:51,098 - INFO - ================================================================================
2026-02-27 03:01:51,098 - INFO - 🚀 AUTO DAILY SIGNAL GENERATOR
2026-02-27 03:01:51,098 - INFO - ================================================================================
2026-02-27 03:01:51,098 - INFO - 
📥 STEP 1: DOWNLOAD DATA
2026-02-27 03:01:51,098 - INFO - ────────────────────────────────────────────────────────────────────────────────
2026-02-27 03:01:51,098 - INFO - 📥 Downloading data untuk 20260227...
2026-02-27 03:01:51,099 - INFO -    Using browser: chrome124
2026-02-27 03:01:51,361 - WARNING - 🚫 20260227 - Tidak ada data (hari libur/weekend)
2026-02-27 03:01:51,364 - INFO -    Trying yesterday: 20260226
2026-02-27 03:01:51,365 - INFO - ✅ Data 20260226 sudah ada, skip download
2026-02-27 03:01:51,365 - INFO - 
📂 STEP 2: LOAD DATA
2026-02-27 03:01:51,365 - INFO - ────────────────────────────────────────────────────────────────────────────────
2026-02-27 03:01:51,371 - INFO -    Found 718 files total
2026-02-27 03:01:51,371 - INFO -    Loading today: idx_stock_20260226.json
2026-02-27 03:01:51,431 - INFO -    ✅ Loaded 958 stocks
2026-02-27 03:01:51,431 - INFO - 
📊 Loading 7 days historical data...
2026-02-27 03:01:51,821 - INFO -    ✅ Loaded 7 days, 6706 records
2026-02-27 03:01:51,821 - INFO -    🔄 Calculating multi-day metrics...
2026-02-27 03:01:53,423 - INFO -    ✅ Multi-day analysis complete!
2026-02-27 03:01:53,423 - INFO - 
🔍 STEP 3: SCREENING
2026-02-27 03:01:53,423 - INFO - ────────────────────────────────────────────────────────────────────────────────
2026-02-27 03:01:53,437 - INFO -    ✅ 10 stocks passed screening
2026-02-27 03:01:53,438 - INFO - 
🎯 STEP 4: GENERATE SIGNALS
2026-02-27 03:01:53,438 - INFO - ────────────────────────────────────────────────────────────────────────────────
2026-02-27 03:01:53,442 - INFO -    ✅ Generated 1 BUY signals
2026-02-27 03:01:53,443 - INFO -       • Momentum: 0
2026-02-27 03:01:53,443 - INFO -       • Reversal: 0
2026-02-27 03:01:53,443 - INFO - 
   🏆 TOP 5 SIGNALS:
2026-02-27 03:01:53,449 - INFO -       🥇 MTEL: Rp 535 | Score 37.7 | BUY - BOUNCE
2026-02-27 03:01:53,449 - INFO - 
💾 STEP 5: SAVE RESULTS
2026-02-27 03:01:53,449 - INFO - ────────────────────────────────────────────────────────────────────────────────
2026-02-27 03:01:53,453 - INFO -    ✅ Saved to: output\signals_20260226.csv
2026-02-27 03:01:53,455 - INFO - 
📱 STEP 6: SEND NOTIFICATION
2026-02-27 03:01:53,455 - INFO - ────────────────────────────────────────────────────────────────────────────────
2026-02-27 03:01:54,646 - INFO - ✅ Telegram notification sent
2026-02-27 03:01:54,648 - INFO - 
================================================================================
2026-02-27 03:01:54,648 - INFO - ✅ AUTO DAILY SIGNAL COMPLETED!
2026-02-27 03:01:54,648 - INFO - ================================================================================
2026-02-27 04:00:02,186 - INFO - ⏳ [04:00] Service running. Next execution in ~22h
2026-02-27 05:00:02,238 - INFO - ⏳ [05:00] Service running. Next execution in ~21h
2026-02-27 06:00:02,270 - INFO - ⏳ [06:00] Service running. Next execution in ~20h
2026-02-27 07:00:02,307 - INFO - ⏳ [07:00] Service running. Next execution in ~19h
2026-02-27 08:00:02,331 - INFO - ⏳ [08:00] Service running. Next execution in ~18h
2026-02-27 09:00:02,355 - INFO - ⏳ [09:00] Service running. Next execution in ~17h
2026-02-27 10:00:02,380 - INFO - ⏳ [10:00] Service running. Next execution in ~16h
2026-02-27 11:00:02,411 - INFO - ⏳ [11:00] Service running. Next execution in ~15h
2026-02-27 12:00:02,444 - INFO - ⏳ [12:00] Service running. Next execution in ~14h
2026-02-27 13:00:02,473 - INFO - ⏳ [13:00] Service running. Next execution in ~13h
2026-02-27 14:00:02,505 - INFO - ⏳ [14:00] Service running. Next execution in ~12h
2026-02-27 15:00:02,542 - INFO - ⏳ [15:00] Service running. Next execution in ~11h
2026-02-27 16:00:04,509 - INFO - ⏳ [16:00] Service running. Next execution in ~10h
2026-02-27 17:00:04,555 - INFO - ⏳ [17:00] Service running. Next execution in ~9h
2026-02-27 18:00:04,588 - INFO - ⏳ [18:00] Service running. Next execution in ~8h
2026-02-27 19:00:04,614 - INFO - ⏳ [19:00] Service running. Next execution in ~7h
2026-02-27 20:00:04,637 - INFO - ⏳ [20:00] Service running. Next execution in ~6h
2026-02-27 21:00:04,661 - INFO - ⏳ [21:00] Service running. Next execution in ~5h
2026-02-27 22:00:04,688 - INFO - ⏳ [22:00] Service running. Next execution in ~4h
2026-02-27 23:00:04,713 - INFO - ⏳ [23:00] Service running. Next execution in ~3h
2026-02-28 00:00:04,753 - INFO - 📅 [00:00] Weekend - Service idle
2026-02-28 01:00:04,784 - INFO - 📅 [01:00] Weekend - Service idle
2026-02-28 02:00:04,813 - INFO - 📅 [02:00] Weekend - Service idle
2026-02-28 03:00:04,839 - INFO - 📅 [03:00] Weekend - Service idle
2026-02-28 04:00:04,868 - INFO - 📅 [04:00] Weekend - Service idle
2026-02-28 05:00:04,897 - INFO - 📅 [05:00] Weekend - Service idle
2026-02-28 06:00:04,924 - INFO - 📅 [06:00] Weekend - Service idle
2026-02-28 07:00:04,966 - INFO - 📅 [07:00] Weekend - Service idle
2026-02-28 08:00:04,999 - INFO - 📅 [08:00] Weekend - Service idle
2026-02-28 09:00:05,040 - INFO - 📅 [09:00] Weekend - Service idle
2026-02-28 10:00:05,069 - INFO - 📅 [10:00] Weekend - Service idle
2026-02-28 11:00:05,098 - INFO - 📅 [11:00] Weekend - Service idle
2026-02-28 12:00:05,134 - INFO - 📅 [12:00] Weekend - Service idle
2026-02-28 13:00:05,162 - INFO - 📅 [13:00] Weekend - Service idle
2026-02-28 14:00:05,193 - INFO - 📅 [14:00] Weekend - Service idle
2026-02-28 15:00:05,227 - INFO - 📅 [15:00] Weekend - Service idle
2026-02-28 16:00:05,254 - INFO - 📅 [16:00] Weekend - Service idle
2026-03-01 00:00:18,042 - INFO - 📅 [00:00] Weekend - Service idle
2026-03-01 01:00:18,110 - INFO - 📅 [01:00] Weekend - Service idle
2026-03-01 02:00:18,153 - INFO - 📅 [02:00] Weekend - Service idle
2026-03-01 19:00:26,810 - INFO - 📅 [19:00] Weekend - Service idle
2026-03-01 20:00:26,850 - INFO - 📅 [20:00] Weekend - Service idle
2026-03-01 21:00:26,880 - INFO - 📅 [21:00] Weekend - Service idle
2026-03-01 22:00:26,909 - INFO - 📅 [22:00] Weekend - Service idle
2026-03-01 23:00:26,958 - INFO - 📅 [23:00] Weekend - Service idle
2026-03-02 00:00:27,004 - INFO - ⏳ [00:00] Service running. Next execution in ~2h
2026-03-02 01:00:27,039 - INFO - ⏳ [01:00] Service running. Next execution in ~1h
2026-03-02 02:00:27,086 - INFO - ⏳ [02:00] Service running. Next execution in ~0h
2026-03-02 02:50:27,112 - INFO - 
⏰ [02:50] Execution time reached!
2026-03-02 02:50:27,117 - INFO - ────────────────────────────────────────────────────────────────────────────────
2026-03-02 02:50:27,121 - INFO - ================================================================================
2026-03-02 02:50:27,123 - INFO - 🚀 AUTO DAILY SIGNAL GENERATOR
2026-03-02 02:50:27,123 - INFO - ================================================================================
2026-03-02 02:50:27,124 - INFO - 
📥 STEP 1: DOWNLOAD DATA
2026-03-02 02:50:27,125 - INFO - ────────────────────────────────────────────────────────────────────────────────
2026-03-02 02:50:27,156 - INFO - 📥 Downloading data untuk 20260302...
2026-03-02 02:50:27,183 - INFO -    Using browser: chrome124
2026-03-02 02:50:27,587 - WARNING - 🚫 20260302 - Tidak ada data (hari libur/weekend)
2026-03-02 02:50:27,591 - INFO -    Trying yesterday: 20260301
2026-03-02 02:50:27,592 - INFO - 📥 Downloading data untuk 20260301...
2026-03-02 02:50:27,594 - INFO -    Using browser: chrome124
2026-03-02 02:50:27,826 - WARNING - 🚫 20260301 - Tidak ada data (hari libur/weekend)
2026-03-02 02:50:27,829 - ERROR - ❌ Failed to download data for today and yesterday
2026-03-02 02:50:27,829 - WARNING - ⚠️  Execution failed. Will retry tomorrow.
2026-03-02 03:00:27,836 - INFO - ⏳ [03:00] Service running. Next execution in ~23h
2026-03-02 04:00:29,859 - INFO - ⏳ [04:00] Service running. Next execution in ~22h
2026-03-02 11:00:04,834 - INFO - ⏳ [11:00] Service running. Next execution in ~15h
2026-03-02 16:00:22,423 - INFO - ⏳ [16:00] Service running. Next execution in ~10h
2026-03-02 17:00:22,453 - INFO - ⏳ [17:00] Service running. Next execution in ~9h
2026-03-02 18:00:22,497 - INFO - ⏳ [18:00] Service running. Next execution in ~8h
2026-03-02 19:00:22,528 - INFO - ⏳ [19:00] Service running. Next execution in ~7h
2026-03-02 20:00:22,556 - INFO - ⏳ [20:00] Service running. Next execution in ~6h
2026-03-02 21:00:22,584 - INFO - ⏳ [21:00] Service running. Next execution in ~5h
2026-03-02 22:00:22,621 - INFO - ⏳ [22:00] Service running. Next execution in ~4h
2026-03-02 23:00:22,651 - INFO - ⏳ [23:00] Service running. Next execution in ~3h
2026-03-03 00:00:22,679 - INFO - ⏳ [00:00] Service running. Next execution in ~2h
2026-03-03 01:00:22,709 - INFO - ⏳ [01:00] Service running. Next execution in ~1h
2026-03-03 02:00:22,740 - INFO - ⏳ [02:00] Service running. Next execution in ~0h
2026-03-03 02:50:22,765 - INFO - 
⏰ [02:50] Execution time reached!
2026-03-03 02:50:22,770 - INFO - ────────────────────────────────────────────────────────────────────────────────
2026-03-03 02:50:22,773 - INFO - ================================================================================
2026-03-03 02:50:22,774 - INFO - 🚀 AUTO DAILY SIGNAL GENERATOR
2026-03-03 02:50:22,775 - INFO - ================================================================================
2026-03-03 02:50:22,776 - INFO - 
📥 STEP 1: DOWNLOAD DATA
2026-03-03 02:50:22,776 - INFO - ────────────────────────────────────────────────────────────────────────────────
2026-03-03 02:50:22,782 - INFO - 📥 Downloading data untuk 20260303...
2026-03-03 02:50:22,791 - INFO -    Using browser: chrome124
2026-03-03 02:50:23,101 - WARNING - 🚫 20260303 - Tidak ada data (hari libur/weekend)
2026-03-03 02:50:23,104 - INFO -    Trying yesterday: 20260302
2026-03-03 02:50:23,107 - INFO - ✅ Data 20260302 sudah ada, skip download
2026-03-03 02:50:23,108 - INFO - 
📂 STEP 2: LOAD DATA
2026-03-03 02:50:23,108 - INFO - ────────────────────────────────────────────────────────────────────────────────
2026-03-03 02:50:23,142 - INFO -    Found 722 files total
2026-03-03 02:50:23,143 - INFO -    Loading today: idx_stock_20260302.json
2026-03-03 02:50:23,284 - ERROR - ❌ Error during execution: No module named 'numpy.rec'
Traceback (most recent call last):
  File "C:\BOTT RULL\alert_bandar\auto_daily_signal.py", line 896, in run_service
  File "C:\BOTT RULL\alert_bandar\auto_daily_signal.py", line 731, in main
  File "C:\BOTT RULL\alert_bandar\auto_daily_signal.py", line 256, in prepare
  File "C:\Users\sahtu\AppData\Local\Programs\Python\Python311\Lib\site-packages\pandas\core\generic.py", line 7086, in fillna
    new_data = self._mgr.fillna(value=value, limit=limit, inplace=inplace)
               ^^^^^^^^^^^^^^^^^^^^^^^^^^^^^^^^^^^^^^^^^^^^^^^^^^^^^^^^^^^
  File "C:\Users\sahtu\AppData\Local\Programs\Python\Python311\Lib\site-packages\pandas\core\internals\managers.py", line 458, in fillna
    return self.apply(
           ^^^^^^^^^^^
  File "C:\Users\sahtu\AppData\Local\Programs\Python\Python311\Lib\site-packages\pandas\core\internals\managers.py", line 442, in apply
    applied = getattr(b, f)(**kwargs)
              ^^^^^^^^^^^^^^^^^^^^^^^
  File "C:\Users\sahtu\AppData\Local\Programs\Python\Python311\Lib\site-packages\pandas\core\internals\blocks.py", line 1331, in fillna
    mask = isna(self.values)
           ^^^^^^^^^^^^^^^^^
  File "C:\Users\sahtu\AppData\Local\Programs\Python\Python311\Lib\site-packages\pandas\core\dtypes\missing.py", line 174, in isna
    return _isna(obj)
           ^^^^^^^^^^
  File "C:\Users\sahtu\AppData\Local\Programs\Python\Python311\Lib\site-packages\pandas\core\dtypes\missing.py", line 200, in _isna
    return _isna_array(obj)
           ^^^^^^^^^^^^^^^^
  File "C:\Users\sahtu\AppData\Local\Programs\Python\Python311\Lib\site-packages\pandas\core\dtypes\missing.py", line 246, in _isna_array
    elif isinstance(values, np.rec.recarray):
                            ^^^^^^
  File "C:\Users\sahtu\AppData\Local\Programs\Python\Python311\Lib\site-packages\numpy\__init__.py", line 758, in __getattr__
ModuleNotFoundError: No module named 'numpy.rec'
2026-03-03 02:50:24,723 - INFO - ✅ Telegram notification sent
2026-03-03 03:00:24,731 - INFO - ⏳ [03:00] Service running. Next execution in ~23h
2026-03-03 04:00:24,761 - INFO - ⏳ [04:00] Service running. Next execution in ~22h
2026-03-03 05:00:24,792 - INFO - ⏳ [05:00] Service running. Next execution in ~21h
2026-03-03 06:00:24,824 - INFO - ⏳ [06:00] Service running. Next execution in ~20h
2026-03-03 07:00:24,856 - INFO - ⏳ [07:00] Service running. Next execution in ~19h
2026-03-03 08:00:24,884 - INFO - ⏳ [08:00] Service running. Next execution in ~18h
2026-03-03 09:00:24,914 - INFO - ⏳ [09:00] Service running. Next execution in ~17h
2026-03-03 10:00:24,945 - INFO - ⏳ [10:00] Service running. Next execution in ~16h
2026-03-03 11:00:24,975 - INFO - ⏳ [11:00] Service running. Next execution in ~15h
2026-03-03 12:00:25,004 - INFO - ⏳ [12:00] Service running. Next execution in ~14h
2026-03-03 13:00:25,034 - INFO - ⏳ [13:00] Service running. Next execution in ~13h
2026-03-03 14:00:25,063 - INFO - ⏳ [14:00] Service running. Next execution in ~12h
2026-03-03 15:00:25,107 - INFO - ⏳ [15:00] Service running. Next execution in ~11h
2026-03-03 16:00:26,193 - INFO - ⏳ [16:00] Service running. Next execution in ~10h
2026-03-03 17:00:26,221 - INFO - ⏳ [17:00] Service running. Next execution in ~9h
2026-03-03 18:00:26,252 - INFO - ⏳ [18:00] Service running. Next execution in ~8h
2026-03-03 19:00:26,293 - INFO - ⏳ [19:00] Service running. Next execution in ~7h
2026-03-03 20:00:26,327 - INFO - ⏳ [20:00] Service running. Next execution in ~6h
2026-03-03 21:00:26,359 - INFO - ⏳ [21:00] Service running. Next execution in ~5h
2026-03-03 22:00:26,400 - INFO - ⏳ [22:00] Service running. Next execution in ~4h
2026-03-03 23:00:26,433 - INFO - ⏳ [23:00] Service running. Next execution in ~3h
2026-03-04 00:00:26,469 - INFO - ⏳ [00:00] Service running. Next execution in ~2h
2026-03-04 01:00:26,498 - INFO - ⏳ [01:00] Service running. Next execution in ~1h
2026-03-04 02:00:26,537 - INFO - ⏳ [02:00] Service running. Next execution in ~0h
2026-03-04 02:50:26,562 - INFO - 
⏰ [02:50] Execution time reached!
2026-03-04 02:50:26,579 - INFO - ────────────────────────────────────────────────────────────────────────────────
2026-03-04 02:50:26,588 - INFO - ================================================================================
2026-03-04 02:50:26,590 - INFO - 🚀 AUTO DAILY SIGNAL GENERATOR
2026-03-04 02:50:26,595 - INFO - ================================================================================
2026-03-04 02:50:26,596 - INFO - 
📥 STEP 1: DOWNLOAD DATA
2026-03-04 02:50:26,598 - INFO - ────────────────────────────────────────────────────────────────────────────────
2026-03-04 02:50:26,631 - INFO - 📥 Downloading data untuk 20260304...
2026-03-04 02:50:26,652 - INFO -    Using browser: chrome124
2026-03-04 02:50:26,994 - WARNING - 🚫 20260304 - Tidak ada data (hari libur/weekend)
2026-03-04 02:50:26,997 - INFO -    Trying yesterday: 20260303
2026-03-04 02:50:26,999 - INFO - ✅ Data 20260303 sudah ada, skip download
2026-03-04 02:50:27,000 - INFO - 
📂 STEP 2: LOAD DATA
2026-03-04 02:50:27,000 - INFO - ────────────────────────────────────────────────────────────────────────────────
2026-03-04 02:50:27,094 - INFO -    Found 723 files total
2026-03-04 02:50:27,095 - INFO -    Loading today: idx_stock_20260303.json
2026-03-04 02:50:27,189 - ERROR - ❌ Error during execution: No module named 'numpy.rec'
Traceback (most recent call last):
  File "C:\BOTT RULL\alert_bandar\auto_daily_signal.py", line 896, in run_service
  File "C:\BOTT RULL\alert_bandar\auto_daily_signal.py", line 731, in main
  File "C:\BOTT RULL\alert_bandar\auto_daily_signal.py", line 256, in prepare
  File "C:\Users\sahtu\AppData\Local\Programs\Python\Python311\Lib\site-packages\pandas\core\generic.py", line 7086, in fillna
    new_data = self._mgr.fillna(value=value, limit=limit, inplace=inplace)
               ^^^^^^^^^^^^^^^^^^^^^^^^^^^^^^^^^^^^^^^^^^^^^^^^^^^^^^^^^^^
  File "C:\Users\sahtu\AppData\Local\Programs\Python\Python311\Lib\site-packages\pandas\core\internals\managers.py", line 458, in fillna
    return self.apply(
           ^^^^^^^^^^^
  File "C:\Users\sahtu\AppData\Local\Programs\Python\Python311\Lib\site-packages\pandas\core\internals\managers.py", line 442, in apply
    applied = getattr(b, f)(**kwargs)
              ^^^^^^^^^^^^^^^^^^^^^^^
  File "C:\Users\sahtu\AppData\Local\Programs\Python\Python311\Lib\site-packages\pandas\core\internals\blocks.py", line 1331, in fillna
    mask = isna(self.values)
           ^^^^^^^^^^^^^^^^^
  File "C:\Users\sahtu\AppData\Local\Programs\Python\Python311\Lib\site-packages\pandas\core\dtypes\missing.py", line 174, in isna
    return _isna(obj)
           ^^^^^^^^^^
  File "C:\Users\sahtu\AppData\Local\Programs\Python\Python311\Lib\site-packages\pandas\core\dtypes\missing.py", line 200, in _isna
    return _isna_array(obj)
           ^^^^^^^^^^^^^^^^
  File "C:\Users\sahtu\AppData\Local\Programs\Python\Python311\Lib\site-packages\pandas\core\dtypes\missing.py", line 246, in _isna_array
    elif isinstance(values, np.rec.recarray):
                            ^^^^^^
  File "C:\Users\sahtu\AppData\Local\Programs\Python\Python311\Lib\site-packages\numpy\__init__.py", line 758, in __getattr__
ModuleNotFoundError: No module named 'numpy.rec'
2026-03-04 02:50:28,509 - INFO - ✅ Telegram notification sent
2026-03-04 03:00:28,518 - INFO - ⏳ [03:00] Service running. Next execution in ~23h
2026-03-04 04:00:28,547 - INFO - ⏳ [04:00] Service running. Next execution in ~22h
2026-03-04 05:00:28,599 - INFO - ⏳ [05:00] Service running. Next execution in ~21h
2026-03-04 06:00:28,628 - INFO - ⏳ [06:00] Service running. Next execution in ~20h
2026-03-04 07:00:28,660 - INFO - ⏳ [07:00] Service running. Next execution in ~19h
2026-03-04 08:00:28,687 - INFO - ⏳ [08:00] Service running. Next execution in ~18h
2026-03-04 09:00:28,715 - INFO - ⏳ [09:00] Service running. Next execution in ~17h
2026-03-04 10:00:28,746 - INFO - ⏳ [10:00] Service running. Next execution in ~16h
2026-03-04 11:00:28,774 - INFO - ⏳ [11:00] Service running. Next execution in ~15h
2026-03-04 12:00:28,801 - INFO - ⏳ [12:00] Service running. Next execution in ~14h
