2026-02-26 19:03:53,079 - 🕐 Start: 2026-02-26 19:03:53

2026-02-26 19:03:53,079 - 📅 Date: 20260226 (Thursday, 26 Feb 2026)
2026-02-26 19:03:53,080 - ✅ Data exists: idx_stock_20260226.json
2026-02-26 19:03:58,406 - ✅ Screening completed
2026-02-26 19:03:58,407 - ⏱️  Duration: 5.3s
2026-02-26 19:03:58,407 - 📥 Download: ✅ OK
2026-02-26 19:03:58,408 - 🔍 Screening: ✅ OK
2026-02-26 19:03:58,408 - 
🎉 Done!

2026-02-26 19:04:50,059 - Task: AutoTrading_Daily
2026-02-26 19:04:50,060 - Schedule: Daily at 20:00
2026-02-26 19:04:50,060 - Script: C:\BOTT RULL\alert_bandar\auto_trading.py
2026-02-26 19:04:59,364 - 
2026-02-26 19:04:59,365 - 💡 Tips:
2026-02-26 19:04:59,365 -   - Task akan jalan otomatis setiap hari jam 20:00
2026-02-26 19:04:59,365 -   - Cek status: Win+R -> taskschd.msc
2026-02-26 19:04:59,365 -   - Lihat log: output/auto_trading.log
2026-02-26 19:04:59,365 - 
2026-02-26 19:04:59,365 - 🎉 Setup selesai!
2026-02-26 19:07:23,182 - Task: AutoTrading_Daily
2026-02-26 19:07:23,183 - Schedule: Daily at 20:00
2026-02-26 19:07:23,183 - Script: C:/BOTT RULL/alert_bandar/auto_trading.py
2026-02-26 19:07:28,742 - 
2026-02-26 19:07:28,742 - ======================================================================
2026-02-26 19:07:28,742 - ✅ Task Created Successfully!
2026-02-26 19:07:28,743 - ======================================================================
2026-02-26 19:07:28,743 -   State: Ready
2026-02-26 19:07:28,743 -   Next Run: 02/26/2026 20
2026-02-26 19:07:28,743 - ======================================================================
2026-02-26 19:07:28,743 - 
2026-02-26 19:07:28,744 - 💡 Tips:
2026-02-26 19:07:28,744 -   - Task akan jalan otomatis setiap hari jam 20:00
2026-02-26 19:07:28,744 -   - Cek status: Win+R -> taskschd.msc -> AutoTrading_Daily
2026-02-26 19:07:28,744 -   - Lihat log: output/auto_trading.log
2026-02-26 19:07:28,744 - 
2026-02-26 19:07:28,744 - 🎉 Setup selesai!
2026-02-26 19:10:55,885 - 🕐 Start: 2026-02-26 19:10:55

2026-02-26 19:10:55,885 - 📅 Date: 20260226 (Thursday, 26 Feb 2026)
2026-02-26 19:10:55,890 - ✅ Data exists: idx_stock_20260226.json
2026-02-26 19:11:01,174 - ✅ Screening completed
2026-02-26 19:11:01,175 - ⏱️  Duration: 5.3s
2026-02-26 19:11:01,175 - 📥 Download: ✅ OK
2026-02-26 19:11:01,175 - 🔍 Screening: ✅ OK
2026-02-26 19:11:01,175 - 
🎉 Done!

2026-02-26 19:23:21,906 - 🕐 Start: 2026-02-26 19:23:21

2026-02-26 19:23:21,908 - 📅 Date: 20260226 (Thursday, 26 Feb 2026)
2026-02-26 19:23:21,923 - ✅ Data validation passed: 958 records
2026-02-26 19:23:21,924 - ✅ Valid data exists: idx_stock_20260226.json
2026-02-26 19:23:21,928 - ⏱️  Duration: 0.0s
2026-02-26 19:23:21,930 - 📥 Download: ✅ OK
2026-02-26 19:23:21,930 - 
🎉 Done!

2026-02-26 19:23:36,727 - 🕐 Start: 2026-02-26 19:23:36

2026-02-26 19:23:36,728 - 📅 Date: 20260226 (Thursday, 26 Feb 2026)
2026-02-26 19:23:36,742 - ✅ Data validation passed: 958 records
2026-02-26 19:23:36,744 - ✅ Valid data exists: idx_stock_20260226.json
2026-02-26 19:23:42,311 - ✅ Screening completed
2026-02-26 19:23:42,312 - ⏱️  Duration: 5.6s
2026-02-26 19:23:42,313 - 📥 Download: ✅ OK
2026-02-26 19:23:42,314 - 🔍 Screening: ✅ OK
2026-02-26 19:23:42,314 - 
🎉 Done!

2026-02-26 19:31:24,870 - 
2026-02-26 19:31:24,870 - ╔════════════════════════════════════════════════════════════════════╗
2026-02-26 19:31:24,871 - ║                    📊 STATS DASHBOARD                              ║
2026-02-26 19:31:24,871 - ╚════════════════════════════════════════════════════════════════════╝
2026-02-26 19:31:24,871 - 
2026-02-26 19:31:24,873 - ──────────────────────────────────────────────────────────────────────
2026-02-26 19:31:24,873 - 📈 SIGNALS PER MONTH
2026-02-26 19:31:24,874 - ──────────────────────────────────────────────────────────────────────
2026-02-26 19:31:24,881 - Month        Total    BUY      Reversal     Momentum    
2026-02-26 19:31:24,881 - ──────────────────────────────────────────────────────────────────────
2026-02-26 19:31:24,882 - 2026-02      206      2        1            1           
2026-02-26 19:31:24,882 - ──────────────────────────────────────────────────────────────────────
2026-02-26 19:31:24,883 - TOTAL        206      2        1            1           
2026-02-26 19:31:24,883 - 
2026-02-26 19:31:24,884 - ──────────────────────────────────────────────────────────────────────
2026-02-26 19:31:24,884 - 🎯 BACKTEST PERFORMANCE HISTORY
2026-02-26 19:31:24,884 - ──────────────────────────────────────────────────────────────────────
2026-02-26 19:31:24,889 - Date         Signals    W/L        Win Rate     Avg Return  
2026-02-26 19:31:24,889 - ──────────────────────────────────────────────────────────────────────
2026-02-26 19:31:24,890 - 2026-02-13   1          0/1        0.0%        -3.92%
2026-02-26 19:31:24,890 - 2026-01-14   2          2/0        100.0%        +4.98%
2026-02-26 19:31:24,891 - 2026-01-12   2          1/1        50.0%        -0.06%
2026-02-26 19:31:24,891 - 2025-10-14   1          1/0        100.0%        +3.00%
2026-02-26 19:31:24,891 - 2025-09-01   2          2/0        100.0%        +4.03%
2026-02-26 19:31:24,892 - 2025-07-18   1          0/1        0.0%        -4.63%
2026-02-26 19:31:24,892 - 2025-04-14   1          1/0        100.0%        +3.39%
2026-02-26 19:31:24,893 - 
2026-02-26 19:31:24,893 - ──────────────────────────────────────────────────────────────────────
2026-02-26 19:31:24,893 - 📊 OVERALL PERFORMANCE (All-Time)
2026-02-26 19:31:24,895 - ──────────────────────────────────────────────────────────────────────
2026-02-26 19:31:24,896 -   Total Signals Tested  : 7
2026-02-26 19:31:24,896 -   Wins                  : 5 (71.4%)
2026-02-26 19:31:24,896 -   Losses                : 2
2026-02-26 19:31:24,897 -   Holds                 : 0
2026-02-26 19:31:24,897 -   Average Return        : +1.38%
2026-02-26 19:31:24,898 -   Best Trade            : +5.10%
2026-02-26 19:31:24,898 -   Worst Trade           : -4.63%
2026-02-26 19:31:24,898 -   Expected Value/Trade  : +0.99%
2026-02-26 19:31:24,899 - 
2026-02-26 19:31:24,899 - ══════════════════════════════════════════════════════════════════════
2026-02-26 19:31:24,900 -   Updated: 2026-02-26 19:31:24
2026-02-26 19:31:24,900 - ══════════════════════════════════════════════════════════════════════
2026-02-26 19:31:24,901 - 
2026-02-26 19:31:24,908 - 💾 Stats cached to output\stats_cache.json
2026-02-26 19:32:36,936 - 🕐 Start: 2026-02-26 19:32:36

2026-02-26 19:32:43,126 - ✅ Screening completed
2026-02-26 19:32:43,127 - ⏱️  Duration: 6.2s
2026-02-26 19:32:43,127 - 🔍 Screening: ✅ OK
2026-02-26 19:32:43,128 - 
2026-02-26 19:32:43,130 - 
2026-02-26 19:32:43,131 - ╔════════════════════════════════════════════════════════════════════╗
2026-02-26 19:32:43,131 - ║                    📊 STATS DASHBOARD                              ║
2026-02-26 19:32:43,132 - ╚════════════════════════════════════════════════════════════════════╝
2026-02-26 19:32:43,132 - 
2026-02-26 19:32:43,133 - ──────────────────────────────────────────────────────────────────────
2026-02-26 19:32:43,133 - 📈 SIGNALS PER MONTH
2026-02-26 19:32:43,134 - ──────────────────────────────────────────────────────────────────────
2026-02-26 19:32:43,162 - Month        Total    BUY      Reversal     Momentum    
2026-02-26 19:32:43,163 - ──────────────────────────────────────────────────────────────────────
2026-02-26 19:32:43,164 - 2026-02      206      2        1            1           
2026-02-26 19:32:43,164 - ──────────────────────────────────────────────────────────────────────
2026-02-26 19:32:43,165 - TOTAL        206      2        1            1           
2026-02-26 19:32:43,165 - 
2026-02-26 19:32:43,165 - ──────────────────────────────────────────────────────────────────────
2026-02-26 19:32:43,166 - 🎯 BACKTEST PERFORMANCE HISTORY
2026-02-26 19:32:43,167 - ──────────────────────────────────────────────────────────────────────
2026-02-26 19:32:43,172 - Date         Signals    W/L        Win Rate     Avg Return  
2026-02-26 19:32:43,172 - ──────────────────────────────────────────────────────────────────────
2026-02-26 19:32:43,172 - 2026-02-13   1          0/1        0.0%        -3.92%
2026-02-26 19:32:43,173 - 2026-01-14   2          2/0        100.0%        +4.98%
2026-02-26 19:32:43,173 - 2026-01-12   2          1/1        50.0%        -0.06%
2026-02-26 19:32:43,174 - 2025-10-14   1          1/0        100.0%        +3.00%
2026-02-26 19:32:43,174 - 2025-09-01   2          2/0        100.0%        +4.03%
2026-02-26 19:32:43,175 - 2025-07-18   1          0/1        0.0%        -4.63%
2026-02-26 19:32:43,175 - 2025-04-14   1          1/0        100.0%        +3.39%
2026-02-26 19:32:43,175 - 
2026-02-26 19:32:43,176 - ──────────────────────────────────────────────────────────────────────
2026-02-26 19:32:43,176 - 📊 OVERALL PERFORMANCE (All-Time)
2026-02-26 19:32:43,177 - ──────────────────────────────────────────────────────────────────────
2026-02-26 19:32:43,177 -   Total Signals Tested  : 7
2026-02-26 19:32:43,177 -   Wins                  : 5 (71.4%)
2026-02-26 19:32:43,179 -   Losses                : 2
2026-02-26 19:32:43,179 -   Holds                 : 0
2026-02-26 19:32:43,179 -   Average Return        : +1.38%
2026-02-26 19:32:43,180 -   Best Trade            : +5.10%
2026-02-26 19:32:43,180 -   Worst Trade           : -4.63%
2026-02-26 19:32:43,181 -   Expected Value/Trade  : +0.99%
2026-02-26 19:32:43,181 - 
2026-02-26 19:32:43,182 - ══════════════════════════════════════════════════════════════════════
2026-02-26 19:32:43,183 -   Updated: 2026-02-26 19:32:43
2026-02-26 19:32:43,184 - ══════════════════════════════════════════════════════════════════════
2026-02-26 19:32:43,185 - 
2026-02-26 19:32:43,192 - 💾 Stats cached to output\stats_cache.json
2026-02-26 19:32:43,193 - 
🎉 Done!

2026-02-26 19:34:42,502 - 
2026-02-26 19:34:42,503 - ╔════════════════════════════════════════════════════════════════════╗
2026-02-26 19:34:42,503 - ║                    📊 STATS DASHBOARD                              ║
2026-02-26 19:34:42,503 - ╚════════════════════════════════════════════════════════════════════╝
2026-02-26 19:34:42,505 - 
2026-02-26 19:34:42,505 - ──────────────────────────────────────────────────────────────────────
2026-02-26 19:34:42,506 - 📈 SIGNALS PER MONTH
2026-02-26 19:34:42,507 - ──────────────────────────────────────────────────────────────────────
2026-02-26 19:34:42,514 - Month        Total    BUY      Reversal     Momentum    
2026-02-26 19:34:42,514 - ──────────────────────────────────────────────────────────────────────
2026-02-26 19:34:42,515 - 2026-02      206      2        1            1           
2026-02-26 19:34:42,515 - ──────────────────────────────────────────────────────────────────────
2026-02-26 19:34:42,516 - TOTAL        206      2        1            1           
2026-02-26 19:34:42,516 - 
2026-02-26 19:34:42,516 - ──────────────────────────────────────────────────────────────────────
2026-02-26 19:34:42,517 - 🎯 BACKTEST PERFORMANCE HISTORY
2026-02-26 19:34:42,517 - ──────────────────────────────────────────────────────────────────────
2026-02-26 19:34:42,521 - Date         Signals    W/L        Win Rate     Avg Return  
2026-02-26 19:34:42,521 - ──────────────────────────────────────────────────────────────────────
2026-02-26 19:34:42,522 - 2026-02-13   1          0/1        0.0%        -3.92%
2026-02-26 19:34:42,522 - 2026-01-14   2          2/0        100.0%        +4.98%
2026-02-26 19:34:42,523 - 2026-01-12   2          1/1        50.0%        -0.06%
2026-02-26 19:34:42,523 - 2025-10-14   1          1/0        100.0%        +3.00%
2026-02-26 19:34:42,524 - 2025-09-01   2          2/0        100.0%        +4.03%
2026-02-26 19:34:42,525 - 2025-07-18   1          0/1        0.0%        -4.63%
2026-02-26 19:34:42,525 - 2025-04-14   1          1/0        100.0%        +3.39%
2026-02-26 19:34:42,525 - 
2026-02-26 19:34:42,525 - ──────────────────────────────────────────────────────────────────────
2026-02-26 19:34:42,526 - 📊 OVERALL PERFORMANCE (All-Time)
2026-02-26 19:34:42,526 - ──────────────────────────────────────────────────────────────────────
2026-02-26 19:34:42,528 -   Total Signals Tested  : 7
2026-02-26 19:34:42,528 -   Wins                  : 5 (71.4%)
2026-02-26 19:34:42,528 -   Losses                : 2
2026-02-26 19:34:42,528 -   Holds                 : 0
2026-02-26 19:34:42,528 -   Average Return        : +1.38%
2026-02-26 19:34:42,528 -   Best Trade            : +5.10%
2026-02-26 19:34:42,531 -   Worst Trade           : -4.63%
2026-02-26 19:34:42,531 -   Expected Value/Trade  : +0.99%
2026-02-26 19:34:42,531 - 
2026-02-26 19:34:42,531 - ══════════════════════════════════════════════════════════════════════
2026-02-26 19:34:42,532 -   Updated: 2026-02-26 19:34:42
2026-02-26 19:34:42,532 - ══════════════════════════════════════════════════════════════════════
2026-02-26 19:34:42,533 - 
2026-02-26 19:34:42,540 - 💾 Stats cached to output\stats_cache.json
2026-02-26 19:36:56,237 - 🕐 Start: 2026-02-26 19:36:56

2026-02-26 19:36:56,245 - 📅 Date: 20260226 (Thursday, 26 Feb 2026)
2026-02-26 19:36:56,259 - ✅ Data validation passed: 958 records
2026-02-26 19:36:56,261 - ✅ Valid data exists: idx_stock_20260226.json
2026-02-26 19:37:01,483 - ✅ Screening completed
2026-02-26 19:37:01,484 - ⏱️  Duration: 5.2s
2026-02-26 19:37:01,484 - 📥 Download: ✅ OK
2026-02-26 19:37:01,485 - 🔍 Screening: ✅ OK
2026-02-26 19:37:01,486 - 
🎉 Done!

2026-02-27 02:35:54,174 - 🕐 Start: 2026-02-27 02:35:54

2026-02-27 02:35:54,176 - 📅 Date: 20260227 (Friday, 27 Feb 2026)
2026-02-27 02:35:54,311 - ✅ Connected with: chrome124
2026-02-27 02:35:54,311 - ⚡ Warming up...
2026-02-27 02:35:56,865 - 📥 Downloading... (attempt 1/3)
2026-02-27 02:35:56,999 - 🚫 No data (market holiday)
2026-02-27 02:36:02,102 - ✅ Screening completed
2026-02-27 02:36:02,103 - ⏱️  Duration: 7.9s
2026-02-27 02:36:02,104 - 📥 Download: ❌ FAIL
2026-02-27 02:36:02,104 - 🔍 Screening: ✅ OK
2026-02-27 02:36:02,104 - 
⚠️  Some tasks failed

